<?xml version="1.0" encoding="UTF-8"?>
<!-- Generated by org.testng.reporters.JUnitXMLReporter -->
<testsuite ignored="8" hostname="AP00084VDI" failures="2" tests="20" name="Module 1" time="392.533" errors="0" timestamp="25 Sep 2019 04:17:16 GMT">
  <testcase classname="com.iceridge.testcases.LoginPageTest" name="loginPage" time="11.088"/>
  <testcase classname="com.iceridge.testcases.CreateClientTest" name="clientCreation" time="10.599"/>
  <testcase classname="com.iceridge.testcases.CreateClientTest" name="clientCreation" time="9.951">
    <failure type="java.lang.AssertionError" message="Client details are not added succesfully expected [Antonio] but found [Antonio Criola]">
      <![CDATA[java.lang.AssertionError: Client details are not added succesfully expected [Antonio] but found [Antonio Criola]
at com.iceridge.testutilities.TestUtil.verifyDetails(TestUtil.java:196)
at com.iceridge.testcases.CreateClientTest.clientCreation(CreateClientTest.java:56)
... Removed 30 stack frames]]>
    </failure>
  </testcase> <!-- clientCreation -->
  <testcase classname="com.iceridge.testcases.CreateClientTest" name="clientCreation" time="10.008"/>
  <testcase classname="com.iceridge.testcases.CreateClientTest" name="clientCreation" time="10.46"/>
  <testcase classname="com.iceridge.testcases.CreateClientTest" name="clientCreation" time="9.956"/>
  <testcase classname="com.iceridge.testcases.CreateClientTest" name="clientCreation" time="10.098"/>
  <testcase classname="com.iceridge.testcases.CreateNewContactTest" name="contactCreation" time="9.916"/>
  <testcase classname="com.iceridge.testcases.CreateNewContactTest" name="contactCreation" time="9.648"/>
  <testcase classname="com.iceridge.testcases.CreateNewContactTest" name="contactCreation" time="9.511"/>
  <testcase classname="com.iceridge.testcases.CreateNewContactTest" name="contactCreation" time="9.678"/>
  <testcase classname="com.iceridge.testcases.CreateNewContactTest" name="contactCreation" time="9.615"/>
  <testcase classname="com.iceridge.testcases.CreateNewContactTest" name="contactCreation" time="9.668"/>
  <testcase classname="com.iceridge.testcases.CreateMatterTest" name="matterCreation" time="44.967"/>
  <testcase classname="com.iceridge.testcases.CreateMatterTest" name="matterCreation" time="14.375">
    <failure type="java.lang.AssertionError" message="Matter details are not added succesfully expected [Antonio] but found [Antonio Criola]">
      <![CDATA[java.lang.AssertionError: Matter details are not added succesfully expected [Antonio] but found [Antonio Criola]
at com.iceridge.testutilities.TestUtil.verifyDetails(TestUtil.java:210)
at com.iceridge.testcases.CreateMatterTest.matterCreation(CreateMatterTest.java:64)
... Removed 30 stack frames]]>
    </failure>
  </testcase> <!-- matterCreation -->
  <testcase classname="com.iceridge.testcases.CreateMatterTest" name="matterCreation" time="44.813"/>
  <testcase classname="com.iceridge.testcases.CreateMatterTest" name="matterCreation" time="45.829"/>
  <testcase classname="com.iceridge.testcases.CreateMatterTest" name="matterCreation" time="46.17"/>
  <testcase classname="com.iceridge.testcases.CreateMatterTest" name="matterCreation" time="45.93"/>
  <testcase classname="com.iceridge.testcases.LogoutPageTest" name="logoutPage" time="2.813"/>
  <testcase classname="com.iceridge.basepage.BaseClass" name="@BeforeTest setUp" time="0.0">
    <ignored/>
  </testcase> <!-- @BeforeTest setUp -->
  <testcase classname="com.iceridge.basepage.BaseClass" name="@BeforeTest setUp" time="0.0">
    <ignored/>
  </testcase> <!-- @BeforeTest setUp -->
  <testcase classname="com.iceridge.basepage.BaseClass" name="@BeforeTest setUp" time="0.0">
    <ignored/>
  </testcase> <!-- @BeforeTest setUp -->
  <testcase classname="com.iceridge.basepage.BaseClass" name="@BeforeTest setUp" time="0.0">
    <ignored/>
  </testcase> <!-- @BeforeTest setUp -->
  <testcase classname="com.iceridge.basepage.BaseClass" name="@AfterTest tearDown" time="0.0">
    <ignored/>
  </testcase> <!-- @AfterTest tearDown -->
  <testcase classname="com.iceridge.basepage.BaseClass" name="@AfterTest tearDown" time="0.0">
    <ignored/>
  </testcase> <!-- @AfterTest tearDown -->
  <testcase classname="com.iceridge.basepage.BaseClass" name="@AfterTest tearDown" time="0.0">
    <ignored/>
  </testcase> <!-- @AfterTest tearDown -->
  <testcase classname="com.iceridge.basepage.BaseClass" name="@AfterTest tearDown" time="0.0">
    <ignored/>
  </testcase> <!-- @AfterTest tearDown -->
</testsuite> <!-- Module 1 -->
