<?xml version="1.0" encoding="UTF-8"?>
<testng-results ignored="8" total="28" passed="18" failed="2" skipped="0">
  <reporter-output>
  </reporter-output>
  <suite started-at="2019-09-25T04:10:44Z" name="Suite" finished-at="2019-09-25T04:17:16Z" duration-ms="392533">
    <groups>
    </groups>
    <test started-at="2019-09-25T04:10:44Z" name="Module 1" finished-at="2019-09-25T04:17:16Z" duration-ms="392533">
      <class name="com.iceridge.testcases.LoginPageTest">
        <test-method is-config="true" signature="setUp()[pri:0, instance:com.iceridge.testcases.LoginPageTest@158d2680]" started-at="2019-09-25T04:10:44Z" name="setUp" finished-at="2019-09-25T04:10:59Z" duration-ms="14898" status="PASS">
          <reporter-output>
          </reporter-output>
        </test-method> <!-- setUp -->
        <test-method signature="loginPage()[pri:1, instance:com.iceridge.testcases.LoginPageTest@158d2680]" started-at="2019-09-25T04:10:59Z" name="loginPage" description="Login page..." finished-at="2019-09-25T04:11:10Z" duration-ms="11088" status="PASS">
          <reporter-output>
          </reporter-output>
        </test-method> <!-- loginPage -->
        <test-method is-config="true" signature="tearDown()[pri:0, instance:com.iceridge.testcases.LoginPageTest@158d2680]" started-at="2019-09-25T04:17:15Z" name="tearDown" finished-at="2019-09-25T04:17:16Z" duration-ms="765" status="PASS">
          <reporter-output>
          </reporter-output>
        </test-method> <!-- tearDown -->
      </class> <!-- com.iceridge.testcases.LoginPageTest -->
      <class name="com.iceridge.testcases.CreateMatterTest">
        <test-method signature="matterCreation(java.lang.String, java.lang.String, java.lang.String, java.lang.String, java.lang.String, java.lang.String, java.lang.String, java.lang.String, java.lang.String, java.lang.String, java.lang.String, java.lang.String, java.lang.String)[pri:4, instance:com.iceridge.testcases.CreateMatterTest@57a3af25]" started-at="2019-09-25T04:13:10Z" name="matterCreation" data-provider="getTestData" finished-at="2019-09-25T04:13:55Z" duration-ms="44967" status="PASS">
          <params>
            <param index="0">
              <value>
                <![CDATA[Purchasing a Property]]>
              </value>
            </param>
            <param index="1">
              <value>
                <![CDATA[NSW]]>
              </value>
            </param>
            <param index="2">
              <value>
                <![CDATA[12341]]>
              </value>
            </param>
            <param index="3">
              <value>
                <![CDATA[29/DP976765]]>
              </value>
            </param>
            <param index="4">
              <value>
                <![CDATA[18]]>
              </value>
            </param>
            <param index="5">
              <value>
                <![CDATA[Powell Street]]>
              </value>
            </param>
            <param index="6">
              <value>
                <![CDATA[Avenue]]>
              </value>
            </param>
            <param index="7">
              <value>
                <![CDATA[Coogee]]>
              </value>
            </param>
            <param index="8">
              <value>
                <![CDATA[2034]]>
              </value>
            </param>
            <param index="9">
              <value>
                <![CDATA[NSW]]>
              </value>
            </param>
            <param index="10">
              <value>
                <![CDATA[Cumberland Council]]>
              </value>
            </param>
            <param index="11">
              <value>
                <![CDATA[Paul James Wild]]>
              </value>
            </param>
            <param index="12">
              <value>
                <![CDATA[Contract of Sale]]>
              </value>
            </param>
          </params>
          <reporter-output>
          </reporter-output>
        </test-method> <!-- matterCreation -->
        <test-method signature="matterCreation(java.lang.String, java.lang.String, java.lang.String, java.lang.String, java.lang.String, java.lang.String, java.lang.String, java.lang.String, java.lang.String, java.lang.String, java.lang.String, java.lang.String, java.lang.String)[pri:4, instance:com.iceridge.testcases.CreateMatterTest@57a3af25]" started-at="2019-09-25T04:13:55Z" name="matterCreation" data-provider="getTestData" finished-at="2019-09-25T04:14:10Z" duration-ms="14375" status="FAIL">
          <params>
            <param index="0">
              <value>
                <![CDATA[Purchasing a Property]]>
              </value>
            </param>
            <param index="1">
              <value>
                <![CDATA[NSW]]>
              </value>
            </param>
            <param index="2">
              <value>
                <![CDATA[12342]]>
              </value>
            </param>
            <param index="3">
              <value>
                <![CDATA[32/13573]]>
              </value>
            </param>
            <param index="4">
              <value>
                <![CDATA[216]]>
              </value>
            </param>
            <param index="5">
              <value>
                <![CDATA[Edgar Street]]>
              </value>
            </param>
            <param index="6">
              <value>
                <![CDATA[Crest]]>
              </value>
            </param>
            <param index="7">
              <value>
                <![CDATA[Condell Park]]>
              </value>
            </param>
            <param index="8">
              <value>
                <![CDATA[2200]]>
              </value>
            </param>
            <param index="9">
              <value>
                <![CDATA[NSW]]>
              </value>
            </param>
            <param index="10">
              <value>
                <![CDATA[Hawkesbury City Council]]>
              </value>
            </param>
            <param index="11">
              <value>
                <![CDATA[Antonio]]>
              </value>
            </param>
            <param index="12">
              <value>
                <![CDATA[Contract of Sale]]>
              </value>
            </param>
          </params>
          <exception class="java.lang.AssertionError">
            <message>
              <![CDATA[Matter details are not added succesfully expected [Antonio] but found [Antonio Criola]]]>
            </message>
            <full-stacktrace>
              <![CDATA[java.lang.AssertionError: Matter details are not added succesfully expected [Antonio] but found [Antonio Criola]
at org.testng.Assert.fail(Assert.java:96)
at org.testng.Assert.failNotEquals(Assert.java:776)
at org.testng.Assert.assertEqualsImpl(Assert.java:137)
at org.testng.Assert.assertEquals(Assert.java:118)
at org.testng.Assert.assertEquals(Assert.java:453)
at com.iceridge.testutilities.TestUtil.verifyDetails(TestUtil.java:210)
at com.iceridge.testcases.CreateMatterTest.matterCreation(CreateMatterTest.java:64)
at java.base/jdk.internal.reflect.NativeMethodAccessorImpl.invoke0(Native Method)
at java.base/jdk.internal.reflect.NativeMethodAccessorImpl.invoke(NativeMethodAccessorImpl.java:62)
at java.base/jdk.internal.reflect.DelegatingMethodAccessorImpl.invoke(DelegatingMethodAccessorImpl.java:43)
at java.base/java.lang.reflect.Method.invoke(Method.java:567)
at org.testng.internal.MethodInvocationHelper.invokeMethod(MethodInvocationHelper.java:124)
at org.testng.internal.Invoker.invokeMethod(Invoker.java:583)
at org.testng.internal.Invoker.invokeTestMethod(Invoker.java:719)
at org.testng.internal.Invoker.invokeTestMethods(Invoker.java:989)
at org.testng.internal.TestMethodWorker.invokeTestMethods(TestMethodWorker.java:125)
at org.testng.internal.TestMethodWorker.run(TestMethodWorker.java:109)
at org.testng.TestRunner.privateRun(TestRunner.java:648)
at org.testng.TestRunner.run(TestRunner.java:505)
at org.testng.SuiteRunner.runTest(SuiteRunner.java:455)
at org.testng.SuiteRunner.runSequentially(SuiteRunner.java:450)
at org.testng.SuiteRunner.privateRun(SuiteRunner.java:415)
at org.testng.SuiteRunner.run(SuiteRunner.java:364)
at org.testng.SuiteRunnerWorker.runSuite(SuiteRunnerWorker.java:52)
at org.testng.SuiteRunnerWorker.run(SuiteRunnerWorker.java:84)
at org.testng.TestNG.runSuitesSequentially(TestNG.java:1208)
at org.testng.TestNG.runSuitesLocally(TestNG.java:1137)
at org.testng.TestNG.runSuites(TestNG.java:1049)
at org.testng.TestNG.run(TestNG.java:1017)
at org.testng.remote.AbstractRemoteTestNG.run(AbstractRemoteTestNG.java:115)
at org.testng.remote.RemoteTestNG.initAndRun(RemoteTestNG.java:251)
at org.testng.remote.RemoteTestNG.main(RemoteTestNG.java:77)
]]>
            </full-stacktrace>
          </exception> <!-- java.lang.AssertionError -->
          <reporter-output>
          </reporter-output>
        </test-method> <!-- matterCreation -->
        <test-method signature="matterCreation(java.lang.String, java.lang.String, java.lang.String, java.lang.String, java.lang.String, java.lang.String, java.lang.String, java.lang.String, java.lang.String, java.lang.String, java.lang.String, java.lang.String, java.lang.String)[pri:4, instance:com.iceridge.testcases.CreateMatterTest@57a3af25]" started-at="2019-09-25T04:14:10Z" name="matterCreation" data-provider="getTestData" finished-at="2019-09-25T04:14:55Z" duration-ms="44813" status="PASS">
          <params>
            <param index="0">
              <value>
                <![CDATA[Purchasing a Property]]>
              </value>
            </param>
            <param index="1">
              <value>
                <![CDATA[NSW]]>
              </value>
            </param>
            <param index="2">
              <value>
                <![CDATA[12342]]>
              </value>
            </param>
            <param index="3">
              <value>
                <![CDATA[32/13573]]>
              </value>
            </param>
            <param index="4">
              <value>
                <![CDATA[216]]>
              </value>
            </param>
            <param index="5">
              <value>
                <![CDATA[Edgar Street]]>
              </value>
            </param>
            <param index="6">
              <value>
                <![CDATA[Crest]]>
              </value>
            </param>
            <param index="7">
              <value>
                <![CDATA[Condell Park]]>
              </value>
            </param>
            <param index="8">
              <value>
                <![CDATA[2200]]>
              </value>
            </param>
            <param index="9">
              <value>
                <![CDATA[NSW]]>
              </value>
            </param>
            <param index="10">
              <value>
                <![CDATA[Hawkesbury City Council]]>
              </value>
            </param>
            <param index="11">
              <value>
                <![CDATA[Floriana Criola]]>
              </value>
            </param>
            <param index="12">
              <value>
                <![CDATA[Contract of Sale]]>
              </value>
            </param>
          </params>
          <reporter-output>
          </reporter-output>
        </test-method> <!-- matterCreation -->
        <test-method signature="matterCreation(java.lang.String, java.lang.String, java.lang.String, java.lang.String, java.lang.String, java.lang.String, java.lang.String, java.lang.String, java.lang.String, java.lang.String, java.lang.String, java.lang.String, java.lang.String)[pri:4, instance:com.iceridge.testcases.CreateMatterTest@57a3af25]" started-at="2019-09-25T04:14:55Z" name="matterCreation" data-provider="getTestData" finished-at="2019-09-25T04:15:40Z" duration-ms="45829" status="PASS">
          <params>
            <param index="0">
              <value>
                <![CDATA[Purchasing a Property]]>
              </value>
            </param>
            <param index="1">
              <value>
                <![CDATA[NSW]]>
              </value>
            </param>
            <param index="2">
              <value>
                <![CDATA[12343]]>
              </value>
            </param>
            <param index="3">
              <value>
                <![CDATA[314/1005966]]>
              </value>
            </param>
            <param index="4">
              <value>
                <![CDATA[1]]>
              </value>
            </param>
            <param index="5">
              <value>
                <![CDATA[Applebox Avenue]]>
              </value>
            </param>
            <param index="6">
              <value>
                <![CDATA[Ridge]]>
              </value>
            </param>
            <param index="7">
              <value>
                <![CDATA[Glenwood]]>
              </value>
            </param>
            <param index="8">
              <value>
                <![CDATA[2768]]>
              </value>
            </param>
            <param index="9">
              <value>
                <![CDATA[NSW]]>
              </value>
            </param>
            <param index="10">
              <value>
                <![CDATA[Junee Shire Council]]>
              </value>
            </param>
            <param index="11">
              <value>
                <![CDATA[Doon Chung Hung]]>
              </value>
            </param>
            <param index="12">
              <value>
                <![CDATA[Contract of Sale]]>
              </value>
            </param>
          </params>
          <reporter-output>
          </reporter-output>
        </test-method> <!-- matterCreation -->
        <test-method signature="matterCreation(java.lang.String, java.lang.String, java.lang.String, java.lang.String, java.lang.String, java.lang.String, java.lang.String, java.lang.String, java.lang.String, java.lang.String, java.lang.String, java.lang.String, java.lang.String)[pri:4, instance:com.iceridge.testcases.CreateMatterTest@57a3af25]" started-at="2019-09-25T04:15:40Z" name="matterCreation" data-provider="getTestData" finished-at="2019-09-25T04:16:27Z" duration-ms="46170" status="PASS">
          <params>
            <param index="0">
              <value>
                <![CDATA[Purchasing a Property]]>
              </value>
            </param>
            <param index="1">
              <value>
                <![CDATA[NSW]]>
              </value>
            </param>
            <param index="2">
              <value>
                <![CDATA[12343]]>
              </value>
            </param>
            <param index="3">
              <value>
                <![CDATA[314/1005966]]>
              </value>
            </param>
            <param index="4">
              <value>
                <![CDATA[1]]>
              </value>
            </param>
            <param index="5">
              <value>
                <![CDATA[Applebox Avenue]]>
              </value>
            </param>
            <param index="6">
              <value>
                <![CDATA[Ridge]]>
              </value>
            </param>
            <param index="7">
              <value>
                <![CDATA[Glenwood]]>
              </value>
            </param>
            <param index="8">
              <value>
                <![CDATA[2768]]>
              </value>
            </param>
            <param index="9">
              <value>
                <![CDATA[NSW]]>
              </value>
            </param>
            <param index="10">
              <value>
                <![CDATA[Junee Shire Council]]>
              </value>
            </param>
            <param index="11">
              <value>
                <![CDATA[Pui Kuen Lam]]>
              </value>
            </param>
            <param index="12">
              <value>
                <![CDATA[Contract of Sale]]>
              </value>
            </param>
          </params>
          <reporter-output>
          </reporter-output>
        </test-method> <!-- matterCreation -->
        <test-method signature="matterCreation(java.lang.String, java.lang.String, java.lang.String, java.lang.String, java.lang.String, java.lang.String, java.lang.String, java.lang.String, java.lang.String, java.lang.String, java.lang.String, java.lang.String, java.lang.String)[pri:4, instance:com.iceridge.testcases.CreateMatterTest@57a3af25]" started-at="2019-09-25T04:16:27Z" name="matterCreation" data-provider="getTestData" finished-at="2019-09-25T04:17:12Z" duration-ms="45930" status="PASS">
          <params>
            <param index="0">
              <value>
                <![CDATA[Purchasing a Property]]>
              </value>
            </param>
            <param index="1">
              <value>
                <![CDATA[NSW]]>
              </value>
            </param>
            <param index="2">
              <value>
                <![CDATA[12344]]>
              </value>
            </param>
            <param index="3">
              <value>
                <![CDATA[29/SP22456]]>
              </value>
            </param>
            <param index="4">
              <value>
                <![CDATA[29/13-17]]>
              </value>
            </param>
            <param index="5">
              <value>
                <![CDATA[Bellevue Road]]>
              </value>
            </param>
            <param index="6">
              <value>
                <![CDATA[Grove]]>
              </value>
            </param>
            <param index="7">
              <value>
                <![CDATA[Bellevue Hill]]>
              </value>
            </param>
            <param index="8">
              <value>
                <![CDATA[2023]]>
              </value>
            </param>
            <param index="9">
              <value>
                <![CDATA[NSW]]>
              </value>
            </param>
            <param index="10">
              <value>
                <![CDATA[Dubbo Regional Council]]>
              </value>
            </param>
            <param index="11">
              <value>
                <![CDATA[ANATOLY KITAYEVICH]]>
              </value>
            </param>
            <param index="12">
              <value>
                <![CDATA[Contract of Sale]]>
              </value>
            </param>
          </params>
          <reporter-output>
          </reporter-output>
        </test-method> <!-- matterCreation -->
      </class> <!-- com.iceridge.testcases.CreateMatterTest -->
      <class name="com.iceridge.testcases.CreateNewContactTest">
        <test-method signature="contactCreation(java.lang.String, java.lang.String, java.lang.String, java.lang.String, java.lang.String, java.lang.String, java.lang.String, java.lang.String, java.lang.String, java.lang.String, java.lang.String, java.lang.String)[pri:3, instance:com.iceridge.testcases.CreateNewContactTest@7f3b84b8]" started-at="2019-09-25T04:12:12Z" name="contactCreation" data-provider="getTestData" finished-at="2019-09-25T04:12:22Z" duration-ms="9916" status="PASS">
          <params>
            <param index="0">
              <value>
                <![CDATA[Accountant]]>
              </value>
            </param>
            <param index="1">
              <value>
                <![CDATA[Mr]]>
              </value>
            </param>
            <param index="2">
              <value>
                <![CDATA[Paul]]>
              </value>
            </param>
            <param index="3">
              <value>
                <![CDATA[James Wild]]>
              </value>
            </param>
            <param index="4">
              <value>
                <![CDATA[0255556780]]>
              </value>
            </param>
            <param index="5">
              <value>
                <![CDATA[test@espreon.com]]>
              </value>
            </param>
            <param index="6">
              <value>
                <![CDATA[18]]>
              </value>
            </param>
            <param index="7">
              <value>
                <![CDATA[Powell Street]]>
              </value>
            </param>
            <param index="8">
              <value>
                <![CDATA[Avenue]]>
              </value>
            </param>
            <param index="9">
              <value>
                <![CDATA[Coogee]]>
              </value>
            </param>
            <param index="10">
              <value>
                <![CDATA[2034]]>
              </value>
            </param>
            <param index="11">
              <value>
                <![CDATA[NSW]]>
              </value>
            </param>
          </params>
          <reporter-output>
          </reporter-output>
        </test-method> <!-- contactCreation -->
        <test-method signature="contactCreation(java.lang.String, java.lang.String, java.lang.String, java.lang.String, java.lang.String, java.lang.String, java.lang.String, java.lang.String, java.lang.String, java.lang.String, java.lang.String, java.lang.String)[pri:3, instance:com.iceridge.testcases.CreateNewContactTest@7f3b84b8]" started-at="2019-09-25T04:12:22Z" name="contactCreation" data-provider="getTestData" finished-at="2019-09-25T04:12:32Z" duration-ms="9648" status="PASS">
          <params>
            <param index="0">
              <value>
                <![CDATA[Caveator]]>
              </value>
            </param>
            <param index="1">
              <value>
                <![CDATA[Mr]]>
              </value>
            </param>
            <param index="2">
              <value>
                <![CDATA[Antonio]]>
              </value>
            </param>
            <param index="3">
              <value>
                <![CDATA[Criola]]>
              </value>
            </param>
            <param index="4">
              <value>
                <![CDATA[0255557781]]>
              </value>
            </param>
            <param index="5">
              <value>
                <![CDATA[test@espreon.com]]>
              </value>
            </param>
            <param index="6">
              <value>
                <![CDATA[216]]>
              </value>
            </param>
            <param index="7">
              <value>
                <![CDATA[Edgar Street]]>
              </value>
            </param>
            <param index="8">
              <value>
                <![CDATA[Crest]]>
              </value>
            </param>
            <param index="9">
              <value>
                <![CDATA[Condell Park]]>
              </value>
            </param>
            <param index="10">
              <value>
                <![CDATA[2200]]>
              </value>
            </param>
            <param index="11">
              <value>
                <![CDATA[NSW]]>
              </value>
            </param>
          </params>
          <reporter-output>
          </reporter-output>
        </test-method> <!-- contactCreation -->
        <test-method signature="contactCreation(java.lang.String, java.lang.String, java.lang.String, java.lang.String, java.lang.String, java.lang.String, java.lang.String, java.lang.String, java.lang.String, java.lang.String, java.lang.String, java.lang.String)[pri:3, instance:com.iceridge.testcases.CreateNewContactTest@7f3b84b8]" started-at="2019-09-25T04:12:32Z" name="contactCreation" data-provider="getTestData" finished-at="2019-09-25T04:12:41Z" duration-ms="9511" status="PASS">
          <params>
            <param index="0">
              <value>
                <![CDATA[Caveator]]>
              </value>
            </param>
            <param index="1">
              <value>
                <![CDATA[Mr]]>
              </value>
            </param>
            <param index="2">
              <value>
                <![CDATA[Floriana]]>
              </value>
            </param>
            <param index="3">
              <value>
                <![CDATA[Criola]]>
              </value>
            </param>
            <param index="4">
              <value>
                <![CDATA[0255557781]]>
              </value>
            </param>
            <param index="5">
              <value>
                <![CDATA[test@espreon.com]]>
              </value>
            </param>
            <param index="6">
              <value>
                <![CDATA[216]]>
              </value>
            </param>
            <param index="7">
              <value>
                <![CDATA[Edgar Street]]>
              </value>
            </param>
            <param index="8">
              <value>
                <![CDATA[Crest]]>
              </value>
            </param>
            <param index="9">
              <value>
                <![CDATA[Condell Park]]>
              </value>
            </param>
            <param index="10">
              <value>
                <![CDATA[2200]]>
              </value>
            </param>
            <param index="11">
              <value>
                <![CDATA[NSW]]>
              </value>
            </param>
          </params>
          <reporter-output>
          </reporter-output>
        </test-method> <!-- contactCreation -->
        <test-method signature="contactCreation(java.lang.String, java.lang.String, java.lang.String, java.lang.String, java.lang.String, java.lang.String, java.lang.String, java.lang.String, java.lang.String, java.lang.String, java.lang.String, java.lang.String)[pri:3, instance:com.iceridge.testcases.CreateNewContactTest@7f3b84b8]" started-at="2019-09-25T04:12:41Z" name="contactCreation" data-provider="getTestData" finished-at="2019-09-25T04:12:51Z" duration-ms="9678" status="PASS">
          <params>
            <param index="0">
              <value>
                <![CDATA[Conveyancer]]>
              </value>
            </param>
            <param index="1">
              <value>
                <![CDATA[Mr]]>
              </value>
            </param>
            <param index="2">
              <value>
                <![CDATA[Doon]]>
              </value>
            </param>
            <param index="3">
              <value>
                <![CDATA[Chung Hung]]>
              </value>
            </param>
            <param index="4">
              <value>
                <![CDATA[0255558782]]>
              </value>
            </param>
            <param index="5">
              <value>
                <![CDATA[test@espreon.com]]>
              </value>
            </param>
            <param index="6">
              <value>
                <![CDATA[1]]>
              </value>
            </param>
            <param index="7">
              <value>
                <![CDATA[Applebox Avenue]]>
              </value>
            </param>
            <param index="8">
              <value>
                <![CDATA[Ridge]]>
              </value>
            </param>
            <param index="9">
              <value>
                <![CDATA[Glenwood]]>
              </value>
            </param>
            <param index="10">
              <value>
                <![CDATA[2768]]>
              </value>
            </param>
            <param index="11">
              <value>
                <![CDATA[NSW]]>
              </value>
            </param>
          </params>
          <reporter-output>
          </reporter-output>
        </test-method> <!-- contactCreation -->
        <test-method signature="contactCreation(java.lang.String, java.lang.String, java.lang.String, java.lang.String, java.lang.String, java.lang.String, java.lang.String, java.lang.String, java.lang.String, java.lang.String, java.lang.String, java.lang.String)[pri:3, instance:com.iceridge.testcases.CreateNewContactTest@7f3b84b8]" started-at="2019-09-25T04:12:51Z" name="contactCreation" data-provider="getTestData" finished-at="2019-09-25T04:13:01Z" duration-ms="9615" status="PASS">
          <params>
            <param index="0">
              <value>
                <![CDATA[Conveyancer]]>
              </value>
            </param>
            <param index="1">
              <value>
                <![CDATA[Mr]]>
              </value>
            </param>
            <param index="2">
              <value>
                <![CDATA[Pui]]>
              </value>
            </param>
            <param index="3">
              <value>
                <![CDATA[Kuen Lam]]>
              </value>
            </param>
            <param index="4">
              <value>
                <![CDATA[0255558782]]>
              </value>
            </param>
            <param index="5">
              <value>
                <![CDATA[test@espreon.com]]>
              </value>
            </param>
            <param index="6">
              <value>
                <![CDATA[1]]>
              </value>
            </param>
            <param index="7">
              <value>
                <![CDATA[Applebox Avenue]]>
              </value>
            </param>
            <param index="8">
              <value>
                <![CDATA[Ridge]]>
              </value>
            </param>
            <param index="9">
              <value>
                <![CDATA[Glenwood]]>
              </value>
            </param>
            <param index="10">
              <value>
                <![CDATA[2768]]>
              </value>
            </param>
            <param index="11">
              <value>
                <![CDATA[NSW]]>
              </value>
            </param>
          </params>
          <reporter-output>
          </reporter-output>
        </test-method> <!-- contactCreation -->
        <test-method signature="contactCreation(java.lang.String, java.lang.String, java.lang.String, java.lang.String, java.lang.String, java.lang.String, java.lang.String, java.lang.String, java.lang.String, java.lang.String, java.lang.String, java.lang.String)[pri:3, instance:com.iceridge.testcases.CreateNewContactTest@7f3b84b8]" started-at="2019-09-25T04:13:01Z" name="contactCreation" data-provider="getTestData" finished-at="2019-09-25T04:13:10Z" duration-ms="9668" status="PASS">
          <params>
            <param index="0">
              <value>
                <![CDATA[Mortgagee]]>
              </value>
            </param>
            <param index="1">
              <value>
                <![CDATA[Mr]]>
              </value>
            </param>
            <param index="2">
              <value>
                <![CDATA[ANATOLY]]>
              </value>
            </param>
            <param index="3">
              <value>
                <![CDATA[KITAYEVICH]]>
              </value>
            </param>
            <param index="4">
              <value>
                <![CDATA[0255559783]]>
              </value>
            </param>
            <param index="5">
              <value>
                <![CDATA[test@espreon.com]]>
              </value>
            </param>
            <param index="6">
              <value>
                <![CDATA[29/13-17]]>
              </value>
            </param>
            <param index="7">
              <value>
                <![CDATA[Bellevue Road]]>
              </value>
            </param>
            <param index="8">
              <value>
                <![CDATA[Grove]]>
              </value>
            </param>
            <param index="9">
              <value>
                <![CDATA[Bellevue Hill]]>
              </value>
            </param>
            <param index="10">
              <value>
                <![CDATA[2023]]>
              </value>
            </param>
            <param index="11">
              <value>
                <![CDATA[NSW]]>
              </value>
            </param>
          </params>
          <reporter-output>
          </reporter-output>
        </test-method> <!-- contactCreation -->
      </class> <!-- com.iceridge.testcases.CreateNewContactTest -->
      <class name="com.iceridge.testcases.CreateClientTest">
        <test-method signature="clientCreation(java.lang.String, java.lang.String, java.lang.String, java.lang.String, java.lang.String, java.lang.String, java.lang.String, java.lang.String, java.lang.String, java.lang.String, java.lang.String, java.lang.String, java.lang.String)[pri:2, instance:com.iceridge.testcases.CreateClientTest@77847718]" started-at="2019-09-25T04:11:11Z" name="clientCreation" data-provider="getTestData" finished-at="2019-09-25T04:11:22Z" duration-ms="10599" status="PASS">
          <params>
            <param index="0">
              <value>
                <![CDATA[Mr]]>
              </value>
            </param>
            <param index="1">
              <value>
                <![CDATA[Paul]]>
              </value>
            </param>
            <param index="2">
              <value>
                <![CDATA[James Wild]]>
              </value>
            </param>
            <param index="3">
              <value>
                <![CDATA[0255556780]]>
              </value>
            </param>
            <param index="4">
              <value>
                <![CDATA[test@espreon.com]]>
              </value>
            </param>
            <param index="5">
              <value>
                <![CDATA[09/23/1978]]>
              </value>
            </param>
            <param index="6">
              <value>
                <![CDATA[18]]>
              </value>
            </param>
            <param index="7">
              <value>
                <![CDATA[Powell Street]]>
              </value>
            </param>
            <param index="8">
              <value>
                <![CDATA[Avenue]]>
              </value>
            </param>
            <param index="9">
              <value>
                <![CDATA[Coogee]]>
              </value>
            </param>
            <param index="10">
              <value>
                <![CDATA[2034]]>
              </value>
            </param>
            <param index="11">
              <value>
                <![CDATA[NSW]]>
              </value>
            </param>
            <param index="12">
              <value>
                <![CDATA[Paul James Wild]]>
              </value>
            </param>
          </params>
          <reporter-output>
          </reporter-output>
        </test-method> <!-- clientCreation -->
        <test-method signature="clientCreation(java.lang.String, java.lang.String, java.lang.String, java.lang.String, java.lang.String, java.lang.String, java.lang.String, java.lang.String, java.lang.String, java.lang.String, java.lang.String, java.lang.String, java.lang.String)[pri:2, instance:com.iceridge.testcases.CreateClientTest@77847718]" started-at="2019-09-25T04:11:22Z" name="clientCreation" data-provider="getTestData" finished-at="2019-09-25T04:11:31Z" duration-ms="9951" status="FAIL">
          <params>
            <param index="0">
              <value>
                <![CDATA[Mr]]>
              </value>
            </param>
            <param index="1">
              <value>
                <![CDATA[Antonio]]>
              </value>
            </param>
            <param index="2">
              <value>
                <![CDATA[Criola]]>
              </value>
            </param>
            <param index="3">
              <value>
                <![CDATA[0255557781]]>
              </value>
            </param>
            <param index="4">
              <value>
                <![CDATA[test@espreon.com]]>
              </value>
            </param>
            <param index="5">
              <value>
                <![CDATA[11/19/1981]]>
              </value>
            </param>
            <param index="6">
              <value>
                <![CDATA[216]]>
              </value>
            </param>
            <param index="7">
              <value>
                <![CDATA[Edgar Street]]>
              </value>
            </param>
            <param index="8">
              <value>
                <![CDATA[Crest]]>
              </value>
            </param>
            <param index="9">
              <value>
                <![CDATA[Condell Park]]>
              </value>
            </param>
            <param index="10">
              <value>
                <![CDATA[2200]]>
              </value>
            </param>
            <param index="11">
              <value>
                <![CDATA[NSW]]>
              </value>
            </param>
            <param index="12">
              <value>
                <![CDATA[Antonio]]>
              </value>
            </param>
          </params>
          <exception class="java.lang.AssertionError">
            <message>
              <![CDATA[Client details are not added succesfully expected [Antonio] but found [Antonio Criola]]]>
            </message>
            <full-stacktrace>
              <![CDATA[java.lang.AssertionError: Client details are not added succesfully expected [Antonio] but found [Antonio Criola]
at org.testng.Assert.fail(Assert.java:96)
at org.testng.Assert.failNotEquals(Assert.java:776)
at org.testng.Assert.assertEqualsImpl(Assert.java:137)
at org.testng.Assert.assertEquals(Assert.java:118)
at org.testng.Assert.assertEquals(Assert.java:453)
at com.iceridge.testutilities.TestUtil.verifyDetails(TestUtil.java:196)
at com.iceridge.testcases.CreateClientTest.clientCreation(CreateClientTest.java:56)
at java.base/jdk.internal.reflect.NativeMethodAccessorImpl.invoke0(Native Method)
at java.base/jdk.internal.reflect.NativeMethodAccessorImpl.invoke(NativeMethodAccessorImpl.java:62)
at java.base/jdk.internal.reflect.DelegatingMethodAccessorImpl.invoke(DelegatingMethodAccessorImpl.java:43)
at java.base/java.lang.reflect.Method.invoke(Method.java:567)
at org.testng.internal.MethodInvocationHelper.invokeMethod(MethodInvocationHelper.java:124)
at org.testng.internal.Invoker.invokeMethod(Invoker.java:583)
at org.testng.internal.Invoker.invokeTestMethod(Invoker.java:719)
at org.testng.internal.Invoker.invokeTestMethods(Invoker.java:989)
at org.testng.internal.TestMethodWorker.invokeTestMethods(TestMethodWorker.java:125)
at org.testng.internal.TestMethodWorker.run(TestMethodWorker.java:109)
at org.testng.TestRunner.privateRun(TestRunner.java:648)
at org.testng.TestRunner.run(TestRunner.java:505)
at org.testng.SuiteRunner.runTest(SuiteRunner.java:455)
at org.testng.SuiteRunner.runSequentially(SuiteRunner.java:450)
at org.testng.SuiteRunner.privateRun(SuiteRunner.java:415)
at org.testng.SuiteRunner.run(SuiteRunner.java:364)
at org.testng.SuiteRunnerWorker.runSuite(SuiteRunnerWorker.java:52)
at org.testng.SuiteRunnerWorker.run(SuiteRunnerWorker.java:84)
at org.testng.TestNG.runSuitesSequentially(TestNG.java:1208)
at org.testng.TestNG.runSuitesLocally(TestNG.java:1137)
at org.testng.TestNG.runSuites(TestNG.java:1049)
at org.testng.TestNG.run(TestNG.java:1017)
at org.testng.remote.AbstractRemoteTestNG.run(AbstractRemoteTestNG.java:115)
at org.testng.remote.RemoteTestNG.initAndRun(RemoteTestNG.java:251)
at org.testng.remote.RemoteTestNG.main(RemoteTestNG.java:77)
]]>
            </full-stacktrace>
          </exception> <!-- java.lang.AssertionError -->
          <reporter-output>
          </reporter-output>
        </test-method> <!-- clientCreation -->
        <test-method signature="clientCreation(java.lang.String, java.lang.String, java.lang.String, java.lang.String, java.lang.String, java.lang.String, java.lang.String, java.lang.String, java.lang.String, java.lang.String, java.lang.String, java.lang.String, java.lang.String)[pri:2, instance:com.iceridge.testcases.CreateClientTest@77847718]" started-at="2019-09-25T04:11:31Z" name="clientCreation" data-provider="getTestData" finished-at="2019-09-25T04:11:42Z" duration-ms="10008" status="PASS">
          <params>
            <param index="0">
              <value>
                <![CDATA[Mr]]>
              </value>
            </param>
            <param index="1">
              <value>
                <![CDATA[Floriana]]>
              </value>
            </param>
            <param index="2">
              <value>
                <![CDATA[Criola]]>
              </value>
            </param>
            <param index="3">
              <value>
                <![CDATA[0255557781]]>
              </value>
            </param>
            <param index="4">
              <value>
                <![CDATA[test@espreon.com]]>
              </value>
            </param>
            <param index="5">
              <value>
                <![CDATA[06/21/1983]]>
              </value>
            </param>
            <param index="6">
              <value>
                <![CDATA[216]]>
              </value>
            </param>
            <param index="7">
              <value>
                <![CDATA[Edgar Street]]>
              </value>
            </param>
            <param index="8">
              <value>
                <![CDATA[Crest]]>
              </value>
            </param>
            <param index="9">
              <value>
                <![CDATA[Condell Park]]>
              </value>
            </param>
            <param index="10">
              <value>
                <![CDATA[2200]]>
              </value>
            </param>
            <param index="11">
              <value>
                <![CDATA[NSW]]>
              </value>
            </param>
            <param index="12">
              <value>
                <![CDATA[Floriana Criola]]>
              </value>
            </param>
          </params>
          <reporter-output>
          </reporter-output>
        </test-method> <!-- clientCreation -->
        <test-method signature="clientCreation(java.lang.String, java.lang.String, java.lang.String, java.lang.String, java.lang.String, java.lang.String, java.lang.String, java.lang.String, java.lang.String, java.lang.String, java.lang.String, java.lang.String, java.lang.String)[pri:2, instance:com.iceridge.testcases.CreateClientTest@77847718]" started-at="2019-09-25T04:11:42Z" name="clientCreation" data-provider="getTestData" finished-at="2019-09-25T04:11:52Z" duration-ms="10460" status="PASS">
          <params>
            <param index="0">
              <value>
                <![CDATA[Mr]]>
              </value>
            </param>
            <param index="1">
              <value>
                <![CDATA[Doon]]>
              </value>
            </param>
            <param index="2">
              <value>
                <![CDATA[Chung Hung]]>
              </value>
            </param>
            <param index="3">
              <value>
                <![CDATA[0255558782]]>
              </value>
            </param>
            <param index="4">
              <value>
                <![CDATA[test@espreon.com]]>
              </value>
            </param>
            <param index="5">
              <value>
                <![CDATA[07/17/1986]]>
              </value>
            </param>
            <param index="6">
              <value>
                <![CDATA[1]]>
              </value>
            </param>
            <param index="7">
              <value>
                <![CDATA[Applebox Avenue]]>
              </value>
            </param>
            <param index="8">
              <value>
                <![CDATA[Ridge]]>
              </value>
            </param>
            <param index="9">
              <value>
                <![CDATA[Glenwood]]>
              </value>
            </param>
            <param index="10">
              <value>
                <![CDATA[2768]]>
              </value>
            </param>
            <param index="11">
              <value>
                <![CDATA[NSW]]>
              </value>
            </param>
            <param index="12">
              <value>
                <![CDATA[Doon Chung Hung]]>
              </value>
            </param>
          </params>
          <reporter-output>
          </reporter-output>
        </test-method> <!-- clientCreation -->
        <test-method signature="clientCreation(java.lang.String, java.lang.String, java.lang.String, java.lang.String, java.lang.String, java.lang.String, java.lang.String, java.lang.String, java.lang.String, java.lang.String, java.lang.String, java.lang.String, java.lang.String)[pri:2, instance:com.iceridge.testcases.CreateClientTest@77847718]" started-at="2019-09-25T04:11:52Z" name="clientCreation" data-provider="getTestData" finished-at="2019-09-25T04:12:02Z" duration-ms="9956" status="PASS">
          <params>
            <param index="0">
              <value>
                <![CDATA[Mr]]>
              </value>
            </param>
            <param index="1">
              <value>
                <![CDATA[Pui]]>
              </value>
            </param>
            <param index="2">
              <value>
                <![CDATA[Kuen Lam]]>
              </value>
            </param>
            <param index="3">
              <value>
                <![CDATA[0255558782]]>
              </value>
            </param>
            <param index="4">
              <value>
                <![CDATA[test@espreon.com]]>
              </value>
            </param>
            <param index="5">
              <value>
                <![CDATA[10/28/1988]]>
              </value>
            </param>
            <param index="6">
              <value>
                <![CDATA[1]]>
              </value>
            </param>
            <param index="7">
              <value>
                <![CDATA[Applebox Avenue]]>
              </value>
            </param>
            <param index="8">
              <value>
                <![CDATA[Ridge]]>
              </value>
            </param>
            <param index="9">
              <value>
                <![CDATA[Glenwood]]>
              </value>
            </param>
            <param index="10">
              <value>
                <![CDATA[2768]]>
              </value>
            </param>
            <param index="11">
              <value>
                <![CDATA[NSW]]>
              </value>
            </param>
            <param index="12">
              <value>
                <![CDATA[Pui Kuen Lam]]>
              </value>
            </param>
          </params>
          <reporter-output>
          </reporter-output>
        </test-method> <!-- clientCreation -->
        <test-method signature="clientCreation(java.lang.String, java.lang.String, java.lang.String, java.lang.String, java.lang.String, java.lang.String, java.lang.String, java.lang.String, java.lang.String, java.lang.String, java.lang.String, java.lang.String, java.lang.String)[pri:2, instance:com.iceridge.testcases.CreateClientTest@77847718]" started-at="2019-09-25T04:12:02Z" name="clientCreation" data-provider="getTestData" finished-at="2019-09-25T04:12:12Z" duration-ms="10098" status="PASS">
          <params>
            <param index="0">
              <value>
                <![CDATA[Mr]]>
              </value>
            </param>
            <param index="1">
              <value>
                <![CDATA[ANATOLY]]>
              </value>
            </param>
            <param index="2">
              <value>
                <![CDATA[KITAYEVICH]]>
              </value>
            </param>
            <param index="3">
              <value>
                <![CDATA[0255559783]]>
              </value>
            </param>
            <param index="4">
              <value>
                <![CDATA[test@espreon.com]]>
              </value>
            </param>
            <param index="5">
              <value>
                <![CDATA[09/26/1987]]>
              </value>
            </param>
            <param index="6">
              <value>
                <![CDATA[29/13-17]]>
              </value>
            </param>
            <param index="7">
              <value>
                <![CDATA[Bellevue Road]]>
              </value>
            </param>
            <param index="8">
              <value>
                <![CDATA[Grove]]>
              </value>
            </param>
            <param index="9">
              <value>
                <![CDATA[Bellevue Hill]]>
              </value>
            </param>
            <param index="10">
              <value>
                <![CDATA[2023]]>
              </value>
            </param>
            <param index="11">
              <value>
                <![CDATA[NSW]]>
              </value>
            </param>
            <param index="12">
              <value>
                <![CDATA[ANATOLY KITAYEVICH]]>
              </value>
            </param>
          </params>
          <reporter-output>
          </reporter-output>
        </test-method> <!-- clientCreation -->
      </class> <!-- com.iceridge.testcases.CreateClientTest -->
      <class name="com.iceridge.testcases.LogoutPageTest">
        <test-method signature="logoutPage()[pri:5, instance:com.iceridge.testcases.LogoutPageTest@2b662a77]" started-at="2019-09-25T04:17:12Z" name="logoutPage" description="Logout page..." finished-at="2019-09-25T04:17:15Z" duration-ms="2813" status="PASS">
          <reporter-output>
          </reporter-output>
        </test-method> <!-- logoutPage -->
      </class> <!-- com.iceridge.testcases.LogoutPageTest -->
    </test> <!-- Module 1 -->
  </suite> <!-- Suite -->
</testng-results>
